TN:
SF:src\api\api.js
FN:2,fetchPokemon
FN:3,(anonymous_1)
FNF:2
FNH:2
FNDA:2,fetchPokemon
FNDA:2,(anonymous_1)
DA:3,2
LF:1
LH:1
BRF:0
BRH:0
end_of_record
TN:
SF:src\servicios\servicios.js
FN:9,cargarPokemon
FN:25,cargarPokemones
FNF:2
FNH:0
FNDA:0,cargarPokemon
FNDA:0,cargarPokemones
DA:7,1
DA:11,0
DA:13,0
DA:14,0
DA:15,0
DA:17,0
DA:18,0
DA:19,0
DA:22,0
DA:28,0
DA:29,0
DA:32,0
DA:33,0
DA:34,0
DA:36,0
DA:37,0
DA:38,0
DA:41,0
LF:18
LH:1
BRDA:28,0,0,0
BRDA:28,0,1,0
BRF:2
BRH:0
end_of_record
TN:
SF:src\storage\storage.js
FN:1,cargarPokemon
FN:12,guardarPokemon
FNF:2
FNH:2
FNDA:1,cargarPokemon
FNDA:1,guardarPokemon
DA:2,1
DA:3,0
DA:7,1
DA:9,1
DA:13,1
LF:5
LH:4
BRDA:2,0,0,0
BRDA:2,0,1,1
BRF:2
BRH:1
end_of_record
TN:
SF:src\ui\pokecard.js
FN:4,mostrarPokemonCard
FN:22,eliminarPokemones
FNF:2
FNH:0
FNDA:0,mostrarPokemonCard
FNDA:0,eliminarPokemones
DA:5,0
DA:6,0
DA:8,0
DA:9,0
DA:10,0
DA:18,0
DA:19,0
DA:23,0
DA:25,0
DA:26,0
LF:10
LH:0
BRF:0
BRH:0
end_of_record
TN:
SF:src\ui\spinner.js
FN:3,crearSpinner
FN:10,ocultarSpinner
FNF:2
FNH:0
FNDA:0,crearSpinner
FNDA:0,ocultarSpinner
DA:1,1
DA:4,0
DA:5,0
DA:7,0
DA:11,0
LF:5
LH:1
BRF:0
BRH:0
end_of_record
